<?xml version="1.0" encoding="UTF-8"?>
<testsuite xmlns:xsi="http://www.w3.org/2001/XMLSchema-instance" xsi:noNamespaceSchemaLocation="https://maven.apache.org/surefire/maven-surefire-plugin/xsd/surefire-test-report.xsd" name="TestSuite" time="12.226" tests="5" errors="0" skipped="0" failures="0">
  <properties>
[...]
</properties>
  <testcase name="getComplexJsonCourses" classname="com.james.training.RestAssuredCucumber.ComplexJsonCoursesTest" time="1.872"/>
  <testcase name="placesApiSerialization" classname="com.james.training.RestAssuredCucumber.ComplexJsonCoursesTest" time="3.904"/>
  <testcase name="testPOJODeserializationJsonCourses" classname="com.james.training.RestAssuredCucumber.ComplexJsonCoursesTest" time="0.127"/>
  <testcase name="placesApi" classname="com.james.training.RestAssuredCucumber.PlacesApiTest" time="2.693"/>
  <testcase name="placesApi" classname="com.james.training.RestAssuredCucumber.SpecBuilderTest" time="2.687"/>
</testsuite>