<?xml version="1.0" encoding="UTF-8"?>
<!-- Generated by org.testng.reporters.JUnitXMLReporter -->
<testsuite hostname="DUBN33945389A" ignored="0" name="Default test" tests="2" failures="0" timestamp="12 Feb 2019 12:55:27 GMT" time="2.309" errors="0">
  <testcase name="getTweetOAuthTest" time="1.858" classname="com.james.training.tweeter.api.TweeterApiTest"/>
  <testcase name="postTweetOAuthTest" time="0.428" classname="com.james.training.tweeter.api.TweeterApiTest"/>
</testsuite> <!-- Default test -->
