<?xml version="1.0" encoding="UTF-8"?>
<!-- Generated by org.testng.reporters.JUnitXMLReporter -->
<testsuite hostname="DUBN33945389A" ignored="0" name="Default test" tests="8" failures="0" timestamp="06 Feb 2019 00:14:55 GMT" time="3.094" errors="0">
  <testcase name="postJsonRequestAddBookaLLFieldsTest" time="1.914" classname="com.james.training.RestAssuredMysqlDrivenTestingFramework.AppRunnerMysqlDrivenTest"/>
  <testcase name="postJsonRequestAddBookaLLFieldsTest" time="1.914" classname="com.james.training.RestAssuredMysqlDrivenTestingFramework.AppRunnerMysqlDrivenTest"/>
  <testcase name="postJsonRequestAddBookaLLFieldsTest" time="1.908" classname="com.james.training.RestAssuredMysqlDrivenTestingFramework.AppRunnerMysqlDrivenTest"/>
  <testcase name="postJsonRequestAddBookaLLFieldsTest" time="1.91" classname="com.james.training.RestAssuredMysqlDrivenTestingFramework.AppRunnerMysqlDrivenTest"/>
  <testcase name="deleteBookJsonRequestTest" time="0.583" classname="com.james.training.RestAssuredMysqlDrivenTestingFramework.AppRunnerMysqlDrivenTest"/>
  <testcase name="deleteBookJsonRequestTest" time="0.582" classname="com.james.training.RestAssuredMysqlDrivenTestingFramework.AppRunnerMysqlDrivenTest"/>
  <testcase name="deleteBookJsonRequestTest" time="0.582" classname="com.james.training.RestAssuredMysqlDrivenTestingFramework.AppRunnerMysqlDrivenTest"/>
  <testcase name="deleteBookJsonRequestTest" time="0.601" classname="com.james.training.RestAssuredMysqlDrivenTestingFramework.AppRunnerMysqlDrivenTest"/>
</testsuite> <!-- Default test -->
