<?xml version="1.0" encoding="UTF-8"?>
<testng-results ignored="0" total="3" passed="3" failed="0" skipped="0">
  <reporter-output>
  </reporter-output>
  <suite started-at="2020-04-10T00:50:30 BST" name="Default suite" finished-at="2020-04-10T00:50:35 BST" duration-ms="4359">
    <groups>
    </groups>
    <test started-at="2020-04-10T00:50:30 BST" name="Default test" finished-at="2020-04-10T00:50:35 BST" duration-ms="4359">
      <class name="com.james.training.RestAssuredCucumber.ComplexJsonCoursesTest">
        <test-method signature="getComplexJsonCourses()[pri:0, instance:com.james.training.RestAssuredCucumber.ComplexJsonCoursesTest@1a482e36]" started-at="2020-04-10T00:50:30 BST" name="getComplexJsonCourses" finished-at="2020-04-10T00:50:32 BST" duration-ms="1622" status="PASS">
          <reporter-output>
          </reporter-output>
        </test-method> <!-- getComplexJsonCourses -->
        <test-method signature="placesApiSerialization()[pri:0, instance:com.james.training.RestAssuredCucumber.ComplexJsonCoursesTest@1a482e36]" started-at="2020-04-10T00:50:32 BST" name="placesApiSerialization" finished-at="2020-04-10T00:50:35 BST" duration-ms="2639" status="PASS">
          <reporter-output>
          </reporter-output>
        </test-method> <!-- placesApiSerialization -->
        <test-method signature="testPOJODeserializationJsonCourses()[pri:0, instance:com.james.training.RestAssuredCucumber.ComplexJsonCoursesTest@1a482e36]" started-at="2020-04-10T00:50:35 BST" name="testPOJODeserializationJsonCourses" finished-at="2020-04-10T00:50:35 BST" duration-ms="48" status="PASS">
          <reporter-output>
          </reporter-output>
        </test-method> <!-- testPOJODeserializationJsonCourses -->
      </class> <!-- com.james.training.RestAssuredCucumber.ComplexJsonCoursesTest -->
    </test> <!-- Default test -->
  </suite> <!-- Default suite -->
</testng-results>
