<?xml version="1.0" encoding="UTF-8"?>
<testng-results skipped="0" failed="0" ignored="0" total="2" passed="2">
  <reporter-output>
  </reporter-output>
  <suite name="Default suite" duration-ms="2309" started-at="2019-02-12T12:55:24Z" finished-at="2019-02-12T12:55:27Z">
    <groups>
    </groups>
    <test name="Default test" duration-ms="2309" started-at="2019-02-12T12:55:24Z" finished-at="2019-02-12T12:55:27Z">
      <class name="com.james.training.tweeter.api.TweeterApiTest">
        <test-method status="PASS" signature="getData()[pri:0, instance:com.james.training.tweeter.api.TweeterApiTest@4cf777e8]" name="getData" is-config="true" duration-ms="8" started-at="2019-02-12T12:55:24Z" finished-at="2019-02-12T12:55:24Z">
          <reporter-output>
          </reporter-output>
        </test-method> <!-- getData -->
        <test-method status="PASS" signature="getTweetOAuthTest()[pri:0, instance:com.james.training.tweeter.api.TweeterApiTest@4cf777e8]" name="getTweetOAuthTest" duration-ms="1858" started-at="2019-02-12T12:55:24Z" finished-at="2019-02-12T12:55:26Z">
          <reporter-output>
          </reporter-output>
        </test-method> <!-- getTweetOAuthTest -->
        <test-method status="PASS" signature="postTweetOAuthTest()[pri:0, instance:com.james.training.tweeter.api.TweeterApiTest@4cf777e8]" name="postTweetOAuthTest" duration-ms="428" started-at="2019-02-12T12:55:26Z" finished-at="2019-02-12T12:55:27Z">
          <reporter-output>
          </reporter-output>
        </test-method> <!-- postTweetOAuthTest -->
      </class> <!-- com.james.training.tweeter.api.TweeterApiTest -->
    </test> <!-- Default test -->
  </suite> <!-- Default suite -->
</testng-results>
