<?xml version="1.0" encoding="UTF-8"?>
<!-- Generated by org.testng.reporters.JUnitXMLReporter -->
<testsuite hostname="DUBN34630627A" ignored="0" name="Surefire test" tests="5" failures="0" timestamp="2020-04-13T03:36:56 IST" time="11.265" errors="0">
  <testcase name="getComplexJsonCourses" time="1.87" classname="com.james.training.RestAssuredCucumber.ComplexJsonCoursesTest"/>
  <testcase name="placesApiSerialization" time="3.887" classname="com.james.training.RestAssuredCucumber.ComplexJsonCoursesTest"/>
  <testcase name="testPOJODeserializationJsonCourses" time="0.1" classname="com.james.training.RestAssuredCucumber.ComplexJsonCoursesTest"/>
  <testcase name="placesApi" time="2.66" classname="com.james.training.RestAssuredCucumber.PlacesApiTest"/>
  <testcase name="placesApi" time="2.692" classname="com.james.training.RestAssuredCucumber.SpecBuilderTest"/>
</testsuite> <!-- Surefire test -->
