<?xml version="1.0" encoding="UTF-8"?>
<!-- Generated by org.testng.reporters.JUnitXMLReporter -->
<testsuite hostname="DUBN34630627A" ignored="0" name="Surefire test" tests="5" failures="0" timestamp="2020-04-13T18:43:26 IST" time="11.937" errors="0">
  <testcase name="getComplexJsonCourses" time="2.709" classname="com.james.training.RestAssuredCucumber.ComplexJsonCoursesTest"/>
  <testcase name="placesApiSerialization" time="4.003" classname="com.james.training.RestAssuredCucumber.ComplexJsonCoursesTest"/>
  <testcase name="testPOJODeserializationJsonCourses" time="0.072" classname="com.james.training.RestAssuredCucumber.ComplexJsonCoursesTest"/>
  <testcase name="placesApi" time="2.468" classname="com.james.training.RestAssuredCucumber.PlacesApiTest"/>
  <testcase name="placesApi" time="2.636" classname="com.james.training.RestAssuredCucumber.SpecBuilderTest"/>
</testsuite> <!-- Surefire test -->
