<?xml version="1.0" encoding="UTF-8"?>
<!-- Generated by org.testng.reporters.JUnitXMLReporter -->
<testsuite ignored="0" hostname="DUBN34630627A" failures="0" tests="3" name="Default test" time="3.655" errors="0" timestamp="2020-04-08T00:41:35 BST">
  <testcase classname="com.james.training.RestAssuredCucumber.ComplexJsonCoursesTest" name="getComplexJsonCourses" time="1.547"/>
  <testcase classname="com.james.training.RestAssuredCucumber.ComplexJsonCoursesTest" name="placesApiSerialization" time="1.849"/>
  <testcase classname="com.james.training.RestAssuredCucumber.ComplexJsonCoursesTest" name="testPOJODeserializationJsonCourses" time="0.224"/>
</testsuite> <!-- Default test -->
