<?xml version="1.0" encoding="UTF-8"?>
<!-- Generated by org.testng.reporters.JUnitXMLReporter -->
<testsuite ignored="0" hostname="DUBN34630627A" failures="0" tests="3" name="Default test" time="4.359" errors="0" timestamp="2020-04-10T00:50:35 BST">
  <testcase classname="com.james.training.RestAssuredCucumber.ComplexJsonCoursesTest" name="getComplexJsonCourses" time="1.622"/>
  <testcase classname="com.james.training.RestAssuredCucumber.ComplexJsonCoursesTest" name="placesApiSerialization" time="2.639"/>
  <testcase classname="com.james.training.RestAssuredCucumber.ComplexJsonCoursesTest" name="testPOJODeserializationJsonCourses" time="0.048"/>
</testsuite> <!-- Default test -->
