<?xml version="1.0" encoding="UTF-8" ?>
<testsuite tests="12" failures="4" name="TestSuite" time="2.532" errors="0" skipped="7">
  <properties>
[...]
</properties>
  <testcase classname="com.james.training.JIRA.api.CreateJIRAIssueTest" name="postJIRAAuthenticationTest" time="0.003">
    <failure type="java.lang.NullPointerException">java.lang.NullPointerException
	at com.james.training.JIRA.api.CreateJIRAIssueTest.postJIRAAuthenticationTest(CreateJIRAIssueTest.java:35)
</failure>
    <system-out>Configuring TestNG with: org.apache.maven.surefire.testng.conf.TestNGMapConfigurator@4dcbadb4
</system-out>
  </testcase>
  <testcase classname="com.james.training.JIRA.api.CreateJIRAIssueTest" name="JiraAPIUpdateComment" time="0.004">
    <skipped/>
  </testcase>
  <testcase classname="com.james.training.JIRA.api.CreateJIRAIssueTest" name="postJiraCreateIssue" time="0.004">
    <skipped/>
  </testcase>
  <testcase classname="com.james.training.JIRA.api.CreateJIRAIssueTest" name="JiraAPICreateNewComment" time="0.004">
    <skipped/>
  </testcase>
  <testcase classname="com.james.training.RestAssuredExcelDrivenTestingFramework.AppRunnerExcelDrivenTest" name="postJsonRequestAddAllBookFieldsTest" time="0.007">
    <skipped/>
  </testcase>
  <testcase classname="com.james.training.RestAssuredExcelDrivenTestingFramework.AppRunnerExcelDrivenTest" name="deleteBookJsonRequestTest" time="0.008">
    <skipped/>
  </testcase>
  <testcase classname="com.james.training.RestAssuredMysqlDrivenTestingFramework.AppRunnerMysqlDrivenTest" name="postJsonRequestAddBookaLLFieldsTest" time="0.008">
    <skipped/>
  </testcase>
  <testcase classname="com.james.training.RestAssuredMysqlDrivenTestingFramework.AppRunnerMysqlDrivenTest" name="deleteBookJsonRequestTest" time="0.008">
    <skipped/>
  </testcase>
  <testcase classname="com.james.training.RestAssuredTestingFramework.AppRunnerXMLTest" name="getXMLRequestAllNamesArrayTest" time="2.486"/>
  <testcase classname="com.james.training.tweeter.api.TweeterApiTest" name="postTweetOAuthTest" time="0">
    <failure type="java.lang.NullPointerException">java.lang.NullPointerException
	at com.james.training.tweeter.api.TweeterApiTest.postTweetOAuthTest(TweeterApiTest.java:22)
</failure>
  </testcase>
  <testcase classname="com.james.training.tweeter.api.TweeterApiTest" name="getTweetOAuthTest" time="0">
    <failure type="java.lang.NullPointerException">java.lang.NullPointerException
	at com.james.training.tweeter.api.TweeterApiTest.getTweetOAuthTest(TweeterApiTest.java:53)
</failure>
  </testcase>
  <testcase classname="com.james.training.RestAssuredTestingFramework.AppRunnerJsonTest" name="getJsonRequestExtractAllNamesAndLoggingTest" time="0">
    <failure type="java.lang.NullPointerException">java.lang.NullPointerException
	at com.james.training.RestAssuredTestingFramework.AppRunnerJsonTest.getJsonRequestExtractAllNamesAndLoggingTest(AppRunnerJsonTest.java:59)
</failure>
  </testcase>
</testsuite>